2019-03-02T13:11:35.388903Z 0 [Warning] TIMESTAMP with implicit DEFAULT value is deprecated. Please use --explicit_defaults_for_timestamp server option (see documentation for more details).
2019-03-02T13:11:35.389613Z 0 [Note] /usr/sbin/mysqld (mysqld 5.7.23) starting as process 30 ...
2019-03-02T13:11:35.404125Z 0 [Note] InnoDB: PUNCH HOLE support available
2019-03-02T13:11:35.404816Z 0 [Note] InnoDB: Mutexes and rw_locks use GCC atomic builtins
2019-03-02T13:11:35.405740Z 0 [Note] InnoDB: Uses event mutexes
2019-03-02T13:11:35.405852Z 0 [Note] InnoDB: GCC builtin __atomic_thread_fence() is used for memory barrier
2019-03-02T13:11:35.406710Z 0 [Note] InnoDB: Compressed tables use zlib 1.2.3
2019-03-02T13:11:35.407701Z 0 [Note] InnoDB: Using Linux native AIO
2019-03-02T13:11:35.408614Z 0 [Note] InnoDB: Number of pools: 1
2019-03-02T13:11:35.409774Z 0 [Note] InnoDB: Using CPU crc32 instructions
2019-03-02T13:11:35.412100Z 0 [Note] InnoDB: Initializing buffer pool, total size = 32M, instances = 1, chunk size = 32M
2019-03-02T13:11:35.415350Z 0 [Note] InnoDB: Completed initialization of buffer pool
2019-03-02T13:11:35.428441Z 0 [Note] InnoDB: If the mysqld execution user is authorized, page cleaner thread priority can be changed. See the man page of setpriority().
2019-03-02T13:11:35.431624Z 0 [Note] InnoDB: Highest supported file format is Barracuda.
2019-03-02T13:11:35.432244Z 0 [Note] InnoDB: Log scan progressed past the checkpoint lsn 2588963
2019-03-02T13:11:35.438530Z 0 [Note] InnoDB: Doing recovery: scanned up to log sequence number 2591784
2019-03-02T13:11:35.440106Z 0 [Note] InnoDB: Database was not shutdown normally!
2019-03-02T13:11:35.440886Z 0 [Note] InnoDB: Starting crash recovery.
2019-03-02T13:11:35.597476Z 0 [Note] InnoDB: Starting an apply batch of log records to the database...
InnoDB: Progress in percent: 27 28 29 30 31 32 33 34 35 36 37 38 39 40 41 42 43 44 45 46 47 48 49 50 51 52 53 54 55 56 57 58 59 60 61 62 63 64 65 66 67 68 69 70 71 72 73 74 75 76 77 78 79 80 81 82 83 84 85 86 87 88 89 90 91 92 93 94 95 96 97 98 99 
2019-03-02T13:11:36.147017Z 0 [Note] InnoDB: Apply batch completed
2019-03-02T13:11:36.251245Z 0 [Note] InnoDB: Removed temporary tablespace data file: "ibtmp1"
2019-03-02T13:11:36.251542Z 0 [Note] InnoDB: Creating shared tablespace for temporary tables
2019-03-02T13:11:36.252561Z 0 [Note] InnoDB: Setting file './ibtmp1' size to 12 MB. Physically writing the file full; Please wait ...
2019-03-02T13:11:36.289072Z 0 [Note] InnoDB: File './ibtmp1' size is now 12 MB.
2019-03-02T13:11:36.290948Z 0 [Note] InnoDB: 96 redo rollback segment(s) found. 96 redo rollback segment(s) are active.
2019-03-02T13:11:36.291296Z 0 [Note] InnoDB: 32 non-redo rollback segment(s) are active.
2019-03-02T13:11:36.292406Z 0 [Note] InnoDB: Waiting for purge to start
2019-03-02T13:11:36.343148Z 0 [Note] InnoDB: 5.7.23 started; log sequence number 2591784
2019-03-02T13:11:36.345002Z 0 [Note] Plugin 'FEDERATED' is disabled.
2019-03-02T13:11:36.348670Z 0 [Warning] Failed to set up SSL because of the following SSL library error: SSL context is not usable without certificate and private key
2019-03-02T13:11:36.348980Z 0 [Note] Server hostname (bind-address): '*'; port: 3306
2019-03-02T13:11:36.349073Z 0 [Note] InnoDB: Loading buffer pool(s) from /var/lib/mysql/ib_buffer_pool
2019-03-02T13:11:36.350252Z 0 [Note] IPv6 is available.
2019-03-02T13:11:36.351813Z 0 [Note]   - '::' resolves to '::';
2019-03-02T13:11:36.352613Z 0 [Note] Server socket created on IP: '::'.
2019-03-02T13:11:36.352894Z 0 [Note] InnoDB: Buffer pool(s) load completed at 190302 13:11:36
2019-03-02T13:11:36.405259Z 0 [Warning] Insecure configuration for --pid-file: Location '/var/run/mysqld' in the path is accessible to all OS users. Consider choosing a different directory.
2019-03-02T13:11:36.600682Z 0 [ERROR] /usr/sbin/mysqld: Table './mysql/user' is marked as crashed and should be repaired
2019-03-02T13:11:36.601700Z 0 [Warning] Checking table:   './mysql/user'
2019-03-02T13:11:36.602454Z 0 [ERROR] 1 client is using or hasn't closed the table properly
2019-03-02T13:11:36.603827Z 0 [Warning] 'user' entry 'root@localhost' ignored in --skip-name-resolve mode.
2019-03-02T13:11:36.604441Z 0 [Warning] 'user' entry 'mysql.session@localhost' ignored in --skip-name-resolve mode.
2019-03-02T13:11:36.605418Z 0 [Warning] 'user' entry 'mysql.sys@localhost' ignored in --skip-name-resolve mode.
2019-03-02T13:11:36.606399Z 0 [Warning] 'db' entry 'performance_schema mysql.session@localhost' ignored in --skip-name-resolve mode.
2019-03-02T13:11:36.607367Z 0 [Warning] 'db' entry 'sys mysql.sys@localhost' ignored in --skip-name-resolve mode.
2019-03-02T13:11:36.607973Z 0 [Warning] 'proxies_priv' entry '@ root@localhost' ignored in --skip-name-resolve mode.
2019-03-02T13:11:36.610195Z 0 [Warning] 'tables_priv' entry 'user mysql.session@localhost' ignored in --skip-name-resolve mode.
2019-03-02T13:11:36.611297Z 0 [Warning] 'tables_priv' entry 'sys_config mysql.sys@localhost' ignored in --skip-name-resolve mode.
2019-03-02T13:11:36.630307Z 0 [Note] Event Scheduler: Loaded 0 events
2019-03-02T13:11:36.638722Z 0 [Note] /usr/sbin/mysqld: ready for connections.
Version: '5.7.23'  socket: '/var/run/mysqld/mysqld.sock'  port: 3306  MySQL Community Server (GPL)
2019-03-02T13:13:55.204491Z 4 [ERROR] /usr/sbin/mysqld: Table './mysql/proc' is marked as crashed and should be repaired
2019-03-02T13:13:55.205209Z 4 [Warning] Checking table:   './mysql/proc'
2019-03-02T13:13:55.236672Z 6 [Warning] 'user' entry 'root@localhost' ignored in --skip-name-resolve mode.
2019-03-02T13:13:55.237008Z 6 [Warning] 'user' entry 'mysql.session@localhost' ignored in --skip-name-resolve mode.
2019-03-02T13:13:55.237239Z 6 [Warning] 'user' entry 'mysql.sys@localhost' ignored in --skip-name-resolve mode.
2019-03-02T13:13:55.237507Z 6 [Warning] 'db' entry 'performance_schema mysql.session@localhost' ignored in --skip-name-resolve mode.
2019-03-02T13:13:55.237724Z 6 [Warning] 'db' entry 'sys mysql.sys@localhost' ignored in --skip-name-resolve mode.
2019-03-02T13:13:55.237962Z 6 [Warning] 'proxies_priv' entry '@ root@localhost' ignored in --skip-name-resolve mode.
2019-03-02T13:13:55.239052Z 6 [Warning] 'tables_priv' entry 'user mysql.session@localhost' ignored in --skip-name-resolve mode.
2019-03-02T13:13:55.239485Z 6 [Warning] 'tables_priv' entry 'sys_config mysql.sys@localhost' ignored in --skip-name-resolve mode.
2019-03-02T13:16:38.476659Z 0 [Note] Giving 0 client threads a chance to die gracefully
2019-03-02T13:16:38.476996Z 0 [Note] Shutting down slave threads
2019-03-02T13:16:38.477245Z 0 [Note] Forcefully disconnecting 0 remaining clients
2019-03-02T13:16:38.478325Z 0 [Note] Event Scheduler: Purging the queue. 0 events
2019-03-02T13:16:38.478633Z 0 [Note] Binlog end
2019-03-02T13:16:38.481962Z 0 [Note] Shutting down plugin 'ngram'
2019-03-02T13:16:38.482872Z 0 [Note] Shutting down plugin 'partition'
2019-03-02T13:16:38.484060Z 0 [Note] Shutting down plugin 'BLACKHOLE'
2019-03-02T13:16:38.486644Z 0 [Note] Shutting down plugin 'ARCHIVE'
2019-03-02T13:16:38.487157Z 0 [Note] Shutting down plugin 'PERFORMANCE_SCHEMA'
2019-03-02T13:16:38.487963Z 0 [Note] Shutting down plugin 'MRG_MYISAM'
2019-03-02T13:16:38.488916Z 0 [Note] Shutting down plugin 'MyISAM'
2019-03-02T13:16:38.490025Z 0 [Note] Shutting down plugin 'INNODB_SYS_VIRTUAL'
2019-03-02T13:16:38.490932Z 0 [Note] Shutting down plugin 'INNODB_SYS_DATAFILES'
2019-03-02T13:16:38.491889Z 0 [Note] Shutting down plugin 'INNODB_SYS_TABLESPACES'
2019-03-02T13:16:38.492878Z 0 [Note] Shutting down plugin 'INNODB_SYS_FOREIGN_COLS'
2019-03-02T13:16:38.493534Z 0 [Note] Shutting down plugin 'INNODB_SYS_FOREIGN'
2019-03-02T13:16:38.493784Z 0 [Note] Shutting down plugin 'INNODB_SYS_FIELDS'
2019-03-02T13:16:38.494879Z 0 [Note] Shutting down plugin 'INNODB_SYS_COLUMNS'
2019-03-02T13:16:38.495126Z 0 [Note] Shutting down plugin 'INNODB_SYS_INDEXES'
2019-03-02T13:16:38.495313Z 0 [Note] Shutting down plugin 'INNODB_SYS_TABLESTATS'
2019-03-02T13:16:38.495525Z 0 [Note] Shutting down plugin 'INNODB_SYS_TABLES'
2019-03-02T13:16:38.495713Z 0 [Note] Shutting down plugin 'INNODB_FT_INDEX_TABLE'
2019-03-02T13:16:38.496801Z 0 [Note] Shutting down plugin 'INNODB_FT_INDEX_CACHE'
2019-03-02T13:16:38.498536Z 0 [Note] Shutting down plugin 'INNODB_FT_CONFIG'
2019-03-02T13:16:38.499942Z 0 [Note] Shutting down plugin 'INNODB_FT_BEING_DELETED'
2019-03-02T13:16:38.500751Z 0 [Note] Shutting down plugin 'INNODB_FT_DELETED'
2019-03-02T13:16:38.501660Z 0 [Note] Shutting down plugin 'INNODB_FT_DEFAULT_STOPWORD'
2019-03-02T13:16:38.502404Z 0 [Note] Shutting down plugin 'INNODB_METRICS'
2019-03-02T13:16:38.502671Z 0 [Note] Shutting down plugin 'INNODB_TEMP_TABLE_INFO'
2019-03-02T13:16:38.504054Z 0 [Note] Shutting down plugin 'INNODB_BUFFER_POOL_STATS'
2019-03-02T13:16:38.504688Z 0 [Note] Shutting down plugin 'INNODB_BUFFER_PAGE_LRU'
2019-03-02T13:16:38.505545Z 0 [Note] Shutting down plugin 'INNODB_BUFFER_PAGE'
2019-03-02T13:16:38.506495Z 0 [Note] Shutting down plugin 'INNODB_CMP_PER_INDEX_RESET'
2019-03-02T13:16:38.506752Z 0 [Note] Shutting down plugin 'INNODB_CMP_PER_INDEX'
2019-03-02T13:16:38.507488Z 0 [Note] Shutting down plugin 'INNODB_CMPMEM_RESET'
2019-03-02T13:16:38.508487Z 0 [Note] Shutting down plugin 'INNODB_CMPMEM'
2019-03-02T13:16:38.508735Z 0 [Note] Shutting down plugin 'INNODB_CMP_RESET'
2019-03-02T13:16:38.509425Z 0 [Note] Shutting down plugin 'INNODB_CMP'
2019-03-02T13:16:38.510406Z 0 [Note] Shutting down plugin 'INNODB_LOCK_WAITS'
2019-03-02T13:16:38.510652Z 0 [Note] Shutting down plugin 'INNODB_LOCKS'
2019-03-02T13:16:38.511363Z 0 [Note] Shutting down plugin 'INNODB_TRX'
2019-03-02T13:16:38.512351Z 0 [Note] Shutting down plugin 'InnoDB'
2019-03-02T13:16:38.512693Z 0 [Note] InnoDB: FTS optimize thread exiting.
2019-03-02T13:16:38.513732Z 0 [Note] InnoDB: Starting shutdown...
2019-03-02T13:16:38.615359Z 0 [Note] InnoDB: Dumping buffer pool(s) to /var/lib/mysql/ib_buffer_pool
2019-03-02T13:16:38.616497Z 0 [Note] InnoDB: Buffer pool(s) dump completed at 190302 13:16:38
2019-03-02T13:16:40.130483Z 0 [Note] InnoDB: Shutdown completed; log sequence number 3406159
2019-03-02T13:16:40.131748Z 0 [Note] InnoDB: Removed temporary tablespace data file: "ibtmp1"
2019-03-02T13:16:40.132209Z 0 [Note] Shutting down plugin 'MEMORY'
2019-03-02T13:16:40.132731Z 0 [Note] Shutting down plugin 'CSV'
2019-03-02T13:16:40.132980Z 0 [Note] Shutting down plugin 'sha256_password'
2019-03-02T13:16:40.133165Z 0 [Note] Shutting down plugin 'mysql_native_password'
2019-03-02T13:16:40.133620Z 0 [Note] Shutting down plugin 'binlog'
2019-03-02T13:16:40.135610Z 0 [Note] /usr/sbin/mysqld: Shutdown complete

2019-03-02T13:16:53.299475Z 0 [Warning] TIMESTAMP with implicit DEFAULT value is deprecated. Please use --explicit_defaults_for_timestamp server option (see documentation for more details).
2019-03-02T13:16:53.300511Z 0 [Note] /usr/sbin/mysqld (mysqld 5.7.23) starting as process 83 ...
2019-03-02T13:16:53.338147Z 0 [Note] InnoDB: PUNCH HOLE support available
2019-03-02T13:16:53.348347Z 0 [Note] InnoDB: Mutexes and rw_locks use GCC atomic builtins
2019-03-02T13:16:53.348700Z 0 [Note] InnoDB: Uses event mutexes
2019-03-02T13:16:53.348995Z 0 [Note] InnoDB: GCC builtin __atomic_thread_fence() is used for memory barrier
2019-03-02T13:16:53.349361Z 0 [Note] InnoDB: Compressed tables use zlib 1.2.3
2019-03-02T13:16:53.349908Z 0 [Note] InnoDB: Using Linux native AIO
2019-03-02T13:16:53.351239Z 0 [Note] InnoDB: Number of pools: 1
2019-03-02T13:16:53.351910Z 0 [Note] InnoDB: Using CPU crc32 instructions
2019-03-02T13:16:53.356170Z 0 [Note] InnoDB: Initializing buffer pool, total size = 32M, instances = 1, chunk size = 32M
2019-03-02T13:16:53.375854Z 0 [Note] InnoDB: Completed initialization of buffer pool
2019-03-02T13:16:53.388945Z 0 [Note] InnoDB: If the mysqld execution user is authorized, page cleaner thread priority can be changed. See the man page of setpriority().
2019-03-02T13:16:53.404273Z 0 [Note] InnoDB: Highest supported file format is Barracuda.
2019-03-02T13:16:53.441970Z 0 [Note] InnoDB: Creating shared tablespace for temporary tables
2019-03-02T13:16:53.442527Z 0 [Note] InnoDB: Setting file './ibtmp1' size to 12 MB. Physically writing the file full; Please wait ...
2019-03-02T13:16:53.512338Z 0 [Note] InnoDB: File './ibtmp1' size is now 12 MB.
2019-03-02T13:16:53.514348Z 0 [Note] InnoDB: 96 redo rollback segment(s) found. 96 redo rollback segment(s) are active.
2019-03-02T13:16:53.515708Z 0 [Note] InnoDB: 32 non-redo rollback segment(s) are active.
2019-03-02T13:16:53.517811Z 0 [Note] InnoDB: Waiting for purge to start
2019-03-02T13:16:53.569465Z 0 [Note] InnoDB: 5.7.23 started; log sequence number 3406159
2019-03-02T13:16:53.570844Z 0 [Note] Plugin 'FEDERATED' is disabled.
2019-03-02T13:16:53.574325Z 0 [Warning] Failed to set up SSL because of the following SSL library error: SSL context is not usable without certificate and private key
2019-03-02T13:16:53.578565Z 0 [Note] Server hostname (bind-address): '*'; port: 3306
2019-03-02T13:16:53.578987Z 0 [Note] IPv6 is available.
2019-03-02T13:16:53.580018Z 0 [Note]   - '::' resolves to '::';
2019-03-02T13:16:53.580995Z 0 [Note] Server socket created on IP: '::'.
2019-03-02T13:16:53.579085Z 0 [Note] InnoDB: Loading buffer pool(s) from /var/lib/mysql/ib_buffer_pool
2019-03-02T13:16:53.585378Z 0 [Warning] Insecure configuration for --pid-file: Location '/var/run/mysqld' in the path is accessible to all OS users. Consider choosing a different directory.
2019-03-02T13:16:53.587193Z 0 [Note] InnoDB: Buffer pool(s) load completed at 190302 13:16:53
2019-03-02T13:16:53.590469Z 0 [Warning] 'user' entry 'root@localhost' ignored in --skip-name-resolve mode.
2019-03-02T13:16:53.598841Z 0 [Warning] 'user' entry 'mysql.session@localhost' ignored in --skip-name-resolve mode.
2019-03-02T13:16:53.599712Z 0 [Warning] 'user' entry 'mysql.sys@localhost' ignored in --skip-name-resolve mode.
2019-03-02T13:16:53.600074Z 0 [Warning] 'db' entry 'performance_schema mysql.session@localhost' ignored in --skip-name-resolve mode.
2019-03-02T13:16:53.600413Z 0 [Warning] 'db' entry 'sys mysql.sys@localhost' ignored in --skip-name-resolve mode.
2019-03-02T13:16:53.601611Z 0 [Warning] 'proxies_priv' entry '@ root@localhost' ignored in --skip-name-resolve mode.
2019-03-02T13:16:53.605375Z 0 [Warning] 'tables_priv' entry 'user mysql.session@localhost' ignored in --skip-name-resolve mode.
2019-03-02T13:16:53.608348Z 0 [Warning] 'tables_priv' entry 'sys_config mysql.sys@localhost' ignored in --skip-name-resolve mode.
2019-03-02T13:16:53.637706Z 0 [Note] Event Scheduler: Loaded 0 events
2019-03-02T13:16:53.648736Z 0 [Note] /usr/sbin/mysqld: ready for connections.
Version: '5.7.23'  socket: '/var/run/mysqld/mysqld.sock'  port: 3306  MySQL Community Server (GPL)
2019-03-02T14:26:36.407812Z 0 [Note] Giving 0 client threads a chance to die gracefully
2019-03-02T14:26:36.408504Z 0 [Note] Shutting down slave threads
2019-03-02T14:26:36.411186Z 0 [Note] Forcefully disconnecting 0 remaining clients
2019-03-02T14:26:36.412207Z 0 [Note] Event Scheduler: Purging the queue. 0 events
2019-03-02T14:26:36.412582Z 0 [Note] Binlog end
2019-03-02T14:26:36.415417Z 0 [Note] Shutting down plugin 'ngram'
2019-03-02T14:26:36.415757Z 0 [Note] Shutting down plugin 'partition'
2019-03-02T14:26:36.416063Z 0 [Note] Shutting down plugin 'BLACKHOLE'
2019-03-02T14:26:36.416334Z 0 [Note] Shutting down plugin 'ARCHIVE'
2019-03-02T14:26:36.417114Z 0 [Note] Shutting down plugin 'PERFORMANCE_SCHEMA'
2019-03-02T14:26:36.417573Z 0 [Note] Shutting down plugin 'MRG_MYISAM'
2019-03-02T14:26:36.418538Z 0 [Note] Shutting down plugin 'MyISAM'
2019-03-02T14:26:36.418959Z 0 [Note] Shutting down plugin 'INNODB_SYS_VIRTUAL'
2019-03-02T14:26:36.420088Z 0 [Note] Shutting down plugin 'INNODB_SYS_DATAFILES'
2019-03-02T14:26:36.420372Z 0 [Note] Shutting down plugin 'INNODB_SYS_TABLESPACES'
2019-03-02T14:26:36.420897Z 0 [Note] Shutting down plugin 'INNODB_SYS_FOREIGN_COLS'
2019-03-02T14:26:36.421960Z 0 [Note] Shutting down plugin 'INNODB_SYS_FOREIGN'
2019-03-02T14:26:36.422962Z 0 [Note] Shutting down plugin 'INNODB_SYS_FIELDS'
2019-03-02T14:26:36.423837Z 0 [Note] Shutting down plugin 'INNODB_SYS_COLUMNS'
2019-03-02T14:26:36.424514Z 0 [Note] Shutting down plugin 'INNODB_SYS_INDEXES'
2019-03-02T14:26:36.424873Z 0 [Note] Shutting down plugin 'INNODB_SYS_TABLESTATS'
2019-03-02T14:26:36.425506Z 0 [Note] Shutting down plugin 'INNODB_SYS_TABLES'
2019-03-02T14:26:36.425792Z 0 [Note] Shutting down plugin 'INNODB_FT_INDEX_TABLE'
2019-03-02T14:26:36.426039Z 0 [Note] Shutting down plugin 'INNODB_FT_INDEX_CACHE'
2019-03-02T14:26:36.426773Z 0 [Note] Shutting down plugin 'INNODB_FT_CONFIG'
2019-03-02T14:26:36.427900Z 0 [Note] Shutting down plugin 'INNODB_FT_BEING_DELETED'
2019-03-02T14:26:36.428486Z 0 [Note] Shutting down plugin 'INNODB_FT_DELETED'
2019-03-02T14:26:36.428898Z 0 [Note] Shutting down plugin 'INNODB_FT_DEFAULT_STOPWORD'
2019-03-02T14:26:36.429769Z 0 [Note] Shutting down plugin 'INNODB_METRICS'
2019-03-02T14:26:36.430427Z 0 [Note] Shutting down plugin 'INNODB_TEMP_TABLE_INFO'
2019-03-02T14:26:36.430693Z 0 [Note] Shutting down plugin 'INNODB_BUFFER_POOL_STATS'
2019-03-02T14:26:36.430964Z 0 [Note] Shutting down plugin 'INNODB_BUFFER_PAGE_LRU'
2019-03-02T14:26:36.431735Z 0 [Note] Shutting down plugin 'INNODB_BUFFER_PAGE'
2019-03-02T14:26:36.432703Z 0 [Note] Shutting down plugin 'INNODB_CMP_PER_INDEX_RESET'
2019-03-02T14:26:36.433668Z 0 [Note] Shutting down plugin 'INNODB_CMP_PER_INDEX'
2019-03-02T14:26:36.434576Z 0 [Note] Shutting down plugin 'INNODB_CMPMEM_RESET'
2019-03-02T14:26:36.435268Z 0 [Note] Shutting down plugin 'INNODB_CMPMEM'
2019-03-02T14:26:36.435561Z 0 [Note] Shutting down plugin 'INNODB_CMP_RESET'
2019-03-02T14:26:36.436565Z 0 [Note] Shutting down plugin 'INNODB_CMP'
2019-03-02T14:26:36.436779Z 0 [Note] Shutting down plugin 'INNODB_LOCK_WAITS'
2019-03-02T14:26:36.437499Z 0 [Note] Shutting down plugin 'INNODB_LOCKS'
2019-03-02T14:26:36.438209Z 0 [Note] Shutting down plugin 'INNODB_TRX'
2019-03-02T14:26:36.438470Z 0 [Note] Shutting down plugin 'InnoDB'
2019-03-02T14:26:36.438767Z 0 [Note] InnoDB: FTS optimize thread exiting.
2019-03-02T14:26:36.439739Z 0 [Note] InnoDB: Starting shutdown...
2019-03-02T14:26:36.540953Z 0 [Note] InnoDB: Dumping buffer pool(s) to /var/lib/mysql/ib_buffer_pool
2019-03-02T14:26:36.542518Z 0 [Note] InnoDB: Buffer pool(s) dump completed at 190302 14:26:36
2019-03-02T14:26:37.856234Z 0 [Note] InnoDB: Shutdown completed; log sequence number 4241297
2019-03-02T14:26:37.856846Z 0 [Note] InnoDB: Removed temporary tablespace data file: "ibtmp1"
2019-03-02T14:26:37.857100Z 0 [Note] Shutting down plugin 'MEMORY'
2019-03-02T14:26:37.857295Z 0 [Note] Shutting down plugin 'CSV'
2019-03-02T14:26:37.857533Z 0 [Note] Shutting down plugin 'sha256_password'
2019-03-02T14:26:37.857782Z 0 [Note] Shutting down plugin 'mysql_native_password'
2019-03-02T14:26:37.858282Z 0 [Note] Shutting down plugin 'binlog'
2019-03-02T14:26:37.859652Z 0 [Note] /usr/sbin/mysqld: Shutdown complete

